Determining if the pthread_create exist failed with the following output:
Change Dir: /home/talon/rws/build/CMakeFiles/CMakeTmp

Run Build Command:/usr/bin/make "cmTryCompileExec2182605283/fast"
/usr/bin/make -f CMakeFiles/cmTryCompileExec2182605283.dir/build.make CMakeFiles/cmTryCompileExec2182605283.dir/build
make[1]: Entering directory `/home/talon/rws/build/CMakeFiles/CMakeTmp'
/usr/bin/cmake -E cmake_progress_report /home/talon/rws/build/CMakeFiles/CMakeTmp/CMakeFiles 1
Building C object CMakeFiles/cmTryCompileExec2182605283.dir/CheckSymbolExists.c.o
/usr/bin/cc    -o CMakeFiles/cmTryCompileExec2182605283.dir/CheckSymbolExists.c.o   -c /home/talon/rws/build/CMakeFiles/CMakeTmp/CheckSymbolExists.c
Linking C executable cmTryCompileExec2182605283
/usr/bin/cmake -E cmake_link_script CMakeFiles/cmTryCompileExec2182605283.dir/link.txt --verbose=1
/usr/bin/cc       CMakeFiles/cmTryCompileExec2182605283.dir/CheckSymbolExists.c.o  -o cmTryCompileExec2182605283 -rdynamic 
CMakeFiles/cmTryCompileExec2182605283.dir/CheckSymbolExists.c.o: In function `main':
CheckSymbolExists.c:(.text+0xe): undefined reference to `pthread_create'
CheckSymbolExists.c:(.text+0x12): undefined reference to `pthread_create'
collect2: error: ld returned 1 exit status
make[1]: Leaving directory `/home/talon/rws/build/CMakeFiles/CMakeTmp'
make[1]: *** [cmTryCompileExec2182605283] Error 1
make: *** [cmTryCompileExec2182605283/fast] Error 2

File /home/talon/rws/build/CMakeFiles/CMakeTmp/CheckSymbolExists.c:
/* */
#include <pthread.h>

int main(int argc, char** argv)
{
  (void)argv;
#ifndef pthread_create
  return ((int*)(&pthread_create))[argc];
#else
  (void)argc;
  return 0;
#endif
}

Determining if the function pthread_create exists in the pthreads failed with the following output:
Change Dir: /home/talon/rws/build/CMakeFiles/CMakeTmp

Run Build Command:/usr/bin/make "cmTryCompileExec455156472/fast"
/usr/bin/make -f CMakeFiles/cmTryCompileExec455156472.dir/build.make CMakeFiles/cmTryCompileExec455156472.dir/build
make[1]: Entering directory `/home/talon/rws/build/CMakeFiles/CMakeTmp'
/usr/bin/cmake -E cmake_progress_report /home/talon/rws/build/CMakeFiles/CMakeTmp/CMakeFiles 1
Building C object CMakeFiles/cmTryCompileExec455156472.dir/CheckFunctionExists.c.o
/usr/bin/cc   -DCHECK_FUNCTION_EXISTS=pthread_create   -o CMakeFiles/cmTryCompileExec455156472.dir/CheckFunctionExists.c.o   -c /usr/share/cmake-2.8/Modules/CheckFunctionExists.c
Linking C executable cmTryCompileExec455156472
/usr/bin/cmake -E cmake_link_script CMakeFiles/cmTryCompileExec455156472.dir/link.txt --verbose=1
/usr/bin/cc   -DCHECK_FUNCTION_EXISTS=pthread_create    CMakeFiles/cmTryCompileExec455156472.dir/CheckFunctionExists.c.o  -o cmTryCompileExec455156472 -rdynamic -lpthreads 
/usr/bin/ld: cannot find -lpthreads
collect2: error: ld returned 1 exit status
make[1]: Leaving directory `/home/talon/rws/build/CMakeFiles/CMakeTmp'
make[1]: *** [cmTryCompileExec455156472] Error 1
make: *** [cmTryCompileExec455156472/fast] Error 2


